Crashlog created at 2012-07-24 17:21:17 -0700

=== MESSAGE:

NameError: uninitialized constant Rails::Engine

=== COMPILATION STACK:

  (empty)

=== BACKTRACE:

  0. /Users/Armageddon/.rvm/gems/ruby-1.9.3-p194@betterfrontend/gems/zurb-foundation-2.2.1.2/lib/foundation/engine.rb:2:in `<module:Foundation>'
  1. /Users/Armageddon/.rvm/gems/ruby-1.9.3-p194@betterfrontend/gems/zurb-foundation-2.2.1.2/lib/foundation/engine.rb:1:in `<top (required)>'
  2. /Users/Armageddon/.rvm/gems/ruby-1.9.3-p194@betterfrontend/gems/zurb-foundation-2.2.1.2/lib/zurb-foundation.rb:6:in `require'
  3. /Users/Armageddon/.rvm/gems/ruby-1.9.3-p194@betterfrontend/gems/zurb-foundation-2.2.1.2/lib/zurb-foundation.rb:6:in `<module:Foundation>'
  4. /Users/Armageddon/.rvm/gems/ruby-1.9.3-p194@betterfrontend/gems/zurb-foundation-2.2.1.2/lib/zurb-foundation.rb:5:in `<top (required)>'
  5. ./Rules:6:in `require'
  6. ./Rules:6:in `load'
  7. /Users/Armageddon/.rvm/gems/ruby-1.9.3-p194@betterfrontend/gems/nanoc-3.4.0/lib/nanoc/base/compilation/rules_collection.rb:98:in `instance_eval'
  8. /Users/Armageddon/.rvm/gems/ruby-1.9.3-p194@betterfrontend/gems/nanoc-3.4.0/lib/nanoc/base/compilation/rules_collection.rb:98:in `load'
  9. /Users/Armageddon/.rvm/gems/ruby-1.9.3-p194@betterfrontend/gems/nanoc-3.4.0/lib/nanoc/base/compilation/compiler.rb:115:in `load'
  10. /Users/Armageddon/.rvm/gems/ruby-1.9.3-p194@betterfrontend/gems/nanoc-3.4.0/lib/nanoc/base/compilation/compiler.rb:82:in `run'
  11. /Users/Armageddon/.rvm/gems/ruby-1.9.3-p194@betterfrontend/gems/nanoc-3.4.0/lib/nanoc/base/source_data/site.rb:57:in `compile'
  12. /Users/Armageddon/.rvm/gems/ruby-1.9.3-p194@betterfrontend/gems/nanoc-3.4.0/lib/nanoc/cli/commands/compile.rb:57:in `run'
  13. /Users/Armageddon/.rvm/gems/ruby-1.9.3-p194@betterfrontend/gems/nanoc-3.4.0/lib/nanoc/cli/command_runner.rb:14:in `block in call'
  14. /Users/Armageddon/.rvm/gems/ruby-1.9.3-p194@betterfrontend/gems/nanoc-3.4.0/lib/nanoc/cli/error_handler.rb:63:in `handle_while'
  15. /Users/Armageddon/.rvm/gems/ruby-1.9.3-p194@betterfrontend/gems/nanoc-3.4.0/lib/nanoc/cli/error_handler.rb:26:in `handle_while'
  16. /Users/Armageddon/.rvm/gems/ruby-1.9.3-p194@betterfrontend/gems/nanoc-3.4.0/lib/nanoc/cli/command_runner.rb:13:in `call'
  17. /Users/Armageddon/.rvm/gems/ruby-1.9.3-p194@betterfrontend/gems/cri-2.3.0/lib/cri/command_dsl.rb:185:in `block in runner'
  18. /Users/Armageddon/.rvm/gems/ruby-1.9.3-p194@betterfrontend/gems/cri-2.3.0/lib/cri/command.rb:296:in `call'
  19. /Users/Armageddon/.rvm/gems/ruby-1.9.3-p194@betterfrontend/gems/cri-2.3.0/lib/cri/command.rb:296:in `run_this'
  20. /Users/Armageddon/.rvm/gems/ruby-1.9.3-p194@betterfrontend/gems/cri-2.3.0/lib/cri/command.rb:249:in `run'
  21. /Users/Armageddon/.rvm/gems/ruby-1.9.3-p194@betterfrontend/gems/nanoc-3.4.0/lib/nanoc/cli/commands/nanoc.rb:39:in `block in define'
  22. /Users/Armageddon/.rvm/gems/ruby-1.9.3-p194@betterfrontend/gems/cri-2.3.0/lib/cri/command.rb:296:in `call'
  23. /Users/Armageddon/.rvm/gems/ruby-1.9.3-p194@betterfrontend/gems/cri-2.3.0/lib/cri/command.rb:296:in `run_this'
  24. /Users/Armageddon/.rvm/gems/ruby-1.9.3-p194@betterfrontend/gems/cri-2.3.0/lib/cri/command.rb:249:in `run'
  25. /Users/Armageddon/.rvm/gems/ruby-1.9.3-p194@betterfrontend/gems/nanoc-3.4.0/lib/nanoc/cli.rb:47:in `block in run'
  26. /Users/Armageddon/.rvm/gems/ruby-1.9.3-p194@betterfrontend/gems/nanoc-3.4.0/lib/nanoc/cli/error_handler.rb:63:in `handle_while'
  27. /Users/Armageddon/.rvm/gems/ruby-1.9.3-p194@betterfrontend/gems/nanoc-3.4.0/lib/nanoc/cli/error_handler.rb:26:in `handle_while'
  28. /Users/Armageddon/.rvm/gems/ruby-1.9.3-p194@betterfrontend/gems/nanoc-3.4.0/lib/nanoc/cli.rb:44:in `run'
  29. /Users/Armageddon/.rvm/gems/ruby-1.9.3-p194@betterfrontend/gems/nanoc-3.4.0/bin/nanoc:19:in `<top (required)>'
  30. /Users/Armageddon/.rvm/gems/ruby-1.9.3-p194@betterfrontend/bin/nanoc:19:in `load'
  31. /Users/Armageddon/.rvm/gems/ruby-1.9.3-p194@betterfrontend/bin/nanoc:19:in `<main>'
  32. /Users/Armageddon/.rvm/gems/ruby-1.9.3-p194@betterfrontend/bin/ruby_noexec_wrapper:14:in `eval'
  33. /Users/Armageddon/.rvm/gems/ruby-1.9.3-p194@betterfrontend/bin/ruby_noexec_wrapper:14:in `<main>'

=== VERSION INFORMATION:

nanoc 3.4.0 © 2007-2012 Denis Defreyne.
Running ruby 1.9.3 (2012-04-20) on x86_64-darwin11.4.0 with RubyGems 1.8.24.

=== INSTALLED GEMS:

  actionpack 3.2.6
  activemodel 3.2.6
  activesupport 3.2.6
  adsf 1.1.1
  builder 3.0.0
  bundler 1.1.5
  chunky_png 1.2.5
  colored 1.2
  compass 0.12.2
  cri 2.3.0
  erubis 2.7.0
  fssm 0.2.9
  haml 3.1.6
  hike 1.2.1
  i18n 0.6.0
  journey 1.0.4
  jquery-rails 2.0.2
  json 1.7.3
  kramdown 0.13.7
  mime-types 1.19
  multi_json 1.3.6
  nanoc 3.4.0
  rack 1.4.1
  rack-cache 1.2
  rack-ssl 1.3.2
  rack-test 0.6.1
  railties 3.2.6
  rake 0.9.2.2
  rdoc 3.12
  sass 3.1.20
  sprockets 2.1.3
  thor 0.15.4
  tilt 1.3.3
  zurb-foundation 2.2.1.2

=== ENVIRONMENT:

Apple_PubSub_Socket_Render => "/tmp/launch-Qf7NQA/Render"
Apple_Ubiquity_Message => "/tmp/launch-ailsrr/Apple_Ubiquity_Message"
BUNDLE_BIN_PATH => "/Users/Armageddon/.rvm/gems/ruby-1.9.3-p194@betterfrontend/gems/bundler-1.1.5/bin/bundle"
BUNDLE_GEMFILE => "/Users/Armageddon/Projects/Opensource/betterfrontend/githubrepo/Gemfile"
CLICOLOR => "1"
COLORFGBG => "7;0"
COMMAND_MODE => "unix2003"
DISPLAY => "/tmp/launch-t4umt6/org.x:0"
EDITOR => "mvim -f -c \"au VimLeave * !open -a Terminal\""
GEM_HOME => "/Users/Armageddon/.rvm/gems/ruby-1.9.3-p194@betterfrontend"
GEM_PATH => "/Users/Armageddon/.rvm/gems/ruby-1.9.3-p194@betterfrontend:/Users/Armageddon/.rvm/gems/ruby-1.9.3-p194@global"
GIT_EDITOR => "vim"
HOME => "/Users/Armageddon"
IRBRC => "/Users/Armageddon/.rvm/rubies/ruby-1.9.3-p194/.irbrc"
ITERM_PROFILE => "Default"
ITERM_SESSION_ID => "w1t9p1"
JRUBY_OPTS => ""
LANG => "en_US.UTF-8"
LOGNAME => "Armageddon"
LSCOLORS => "FxGxFxdxCxDxDxhbadExEx"
MY_RUBY_HOME => "/Users/Armageddon/.rvm/rubies/ruby-1.9.3-p194"
NODE_PATH => "/usr/local/lib/node_modules"
OLDPWD => "/Users/Armageddon/Projects/Opensource/betterfrontend/githubrepo"
PATH => "/Users/Armageddon/.rvm/gems/ruby-1.9.3-p194@betterfrontend/bin:/Users/Armageddon/.rvm/gems/ruby-1.9.3-p194@global/bin:/Users/Armageddon/.rvm/rubies/ruby-1.9.3-p194/bin:/Users/Armageddon/.rvm/bin:/usr/local/bin:/usr/local/sbin:/usr/local/share/python:/usr/bin:/bin:/usr/sbin:/sbin:/usr/X11/bin:/usr/local/git/bin"
PIP_VIRTUALENV_BASE => "/Users/Armageddon/.virtualenvs"
PS1 => "\\[\\033[1;31m\\]\\u\\[\\033[1;33m\\]@\\[\\033[1;32m\\]\\h \\w$(__git_ps1 \"(%s)\") \\[\\033[01;34m\\]\\$ \\[\\033[00m\\]"
PWD => "/Users/Armageddon/Projects/Opensource/betterfrontend/githubrepo/site"
RSPEC => "true"
RUBYOPT => "-I/Users/Armageddon/.rvm/gems/ruby-1.9.3-p194@betterfrontend/gems/bundler-1.1.5/lib -rbundler/setup"
RUBY_VERSION => "ruby-1.9.3-p194"
SECURITYSESSIONID => "186a5"
SHELL => "/bin/bash"
SHLVL => "1"
SSH_AUTH_SOCK => "/tmp/launch-blFunl/Listeners"
TERM => "xterm"
TERM_PROGRAM => "iTerm.app"
TMPDIR => "/var/folders/7m/xp5yfs9s6vd_sql_j30n_j1r0000gn/T/"
USER => "Armageddon"
VIRTUALENVWRAPPER_HOOK_DIR => "/Users/Armageddon/.virtualenvs"
VIRTUALENVWRAPPER_LOG_DIR => "/Users/Armageddon/.virtualenvs"
VIRTUALENVWRAPPER_PROJECT_FILENAME => ".project"
WORKON_HOME => "/Users/Armageddon/.virtualenvs"
_ => "/Users/Armageddon/.rvm/gems/ruby-1.9.3-p194@betterfrontend/bin/nanoc"
__CF_USER_TEXT_ENCODING => "0x1F5:0:0"
__array_start => "0"
_first => "0"
_second => "1"
escape_flag => "1"
rvm_bin_path => "/Users/Armageddon/.rvm/bin"
rvm_path => "/Users/Armageddon/.rvm"
rvm_prefix => "/Users/Armageddon"
rvm_version => "1.14.6 ()"

=== $LOAD_PATH:

  0. /Users/Armageddon/.rvm/gems/ruby-1.9.3-p194@betterfrontend/gems/nanoc-3.4.0/lib
  1. /Users/Armageddon/.rvm/gems/ruby-1.9.3-p194@betterfrontend/gems/zurb-foundation-2.2.1.2/lib
  2. /Users/Armageddon/.rvm/gems/ruby-1.9.3-p194@betterfrontend/gems/nanoc-3.4.0/lib
  3. /Users/Armageddon/.rvm/gems/ruby-1.9.3-p194@betterfrontend/gems/mime-types-1.19/lib
  4. /Users/Armageddon/.rvm/gems/ruby-1.9.3-p194@betterfrontend/gems/kramdown-0.13.7/lib
  5. /Users/Armageddon/.rvm/gems/ruby-1.9.3-p194@betterfrontend/gems/jquery-rails-2.0.2/lib
  6. /Users/Armageddon/.rvm/gems/ruby-1.9.3-p194@betterfrontend/gems/railties-3.2.6/lib
  7. /Users/Armageddon/.rvm/gems/ruby-1.9.3-p194@betterfrontend/gems/thor-0.15.4/lib
  8. /Users/Armageddon/.rvm/gems/ruby-1.9.3-p194@betterfrontend/gems/rdoc-3.12/lib
  9. /Users/Armageddon/.rvm/gems/ruby-1.9.3-p194@betterfrontend/gems/json-1.7.3/lib
  10. /Users/Armageddon/.rvm/gems/ruby-1.9.3-p194@betterfrontend/gems/rack-ssl-1.3.2/lib
  11. /Users/Armageddon/.rvm/gems/ruby-1.9.3-p194@betterfrontend/gems/haml-3.1.6/lib
  12. /Users/Armageddon/.rvm/gems/ruby-1.9.3-p194@betterfrontend/gems/cri-2.3.0/lib
  13. /Users/Armageddon/.rvm/gems/ruby-1.9.3-p194@betterfrontend/gems/compass-0.12.2/lib
  14. /Users/Armageddon/.rvm/gems/ruby-1.9.3-p194@betterfrontend/gems/sass-3.1.20/lib
  15. /Users/Armageddon/.rvm/gems/ruby-1.9.3-p194@betterfrontend/gems/fssm-0.2.9/lib
  16. /Users/Armageddon/.rvm/gems/ruby-1.9.3-p194@betterfrontend/gems/colored-1.2/lib
  17. /Users/Armageddon/.rvm/gems/ruby-1.9.3-p194@betterfrontend/gems/chunky_png-1.2.5/lib
  18. /Users/Armageddon/.rvm/gems/ruby-1.9.3-p194@betterfrontend/gems/adsf-1.1.1/lib
  19. /Users/Armageddon/.rvm/gems/ruby-1.9.3-p194@betterfrontend/gems/actionpack-3.2.6/lib
  20. /Users/Armageddon/.rvm/gems/ruby-1.9.3-p194@betterfrontend/gems/sprockets-2.1.3/lib
  21. /Users/Armageddon/.rvm/gems/ruby-1.9.3-p194@betterfrontend/gems/tilt-1.3.3/lib
  22. /Users/Armageddon/.rvm/gems/ruby-1.9.3-p194@betterfrontend/gems/hike-1.2.1/lib
  23. /Users/Armageddon/.rvm/gems/ruby-1.9.3-p194@betterfrontend/gems/rack-test-0.6.1/lib
  24. /Users/Armageddon/.rvm/gems/ruby-1.9.3-p194@betterfrontend/gems/rack-cache-1.2/lib
  25. /Users/Armageddon/.rvm/gems/ruby-1.9.3-p194@betterfrontend/gems/rack-1.4.1/lib
  26. /Users/Armageddon/.rvm/gems/ruby-1.9.3-p194@betterfrontend/gems/journey-1.0.4/lib
  27. /Users/Armageddon/.rvm/gems/ruby-1.9.3-p194@betterfrontend/gems/erubis-2.7.0/lib
  28. /Users/Armageddon/.rvm/gems/ruby-1.9.3-p194@betterfrontend/gems/activemodel-3.2.6/lib
  29. /Users/Armageddon/.rvm/gems/ruby-1.9.3-p194@betterfrontend/gems/builder-3.0.0/lib
  30. /Users/Armageddon/.rvm/gems/ruby-1.9.3-p194@betterfrontend/gems/activesupport-3.2.6/lib
  31. /Users/Armageddon/.rvm/gems/ruby-1.9.3-p194@betterfrontend/gems/multi_json-1.3.6/lib
  32. /Users/Armageddon/.rvm/gems/ruby-1.9.3-p194@betterfrontend/gems/i18n-0.6.0/lib
  33. /Users/Armageddon/.rvm/gems/ruby-1.9.3-p194@global/gems/rake-0.9.2.2/lib
  34. /Users/Armageddon/.rvm/gems/ruby-1.9.3-p194@betterfrontend/gems/bundler-1.1.5/lib
  35. /Users/Armageddon/.rvm/rubies/ruby-1.9.3-p194/lib/ruby/site_ruby/1.9.1
  36. /Users/Armageddon/.rvm/rubies/ruby-1.9.3-p194/lib/ruby/site_ruby/1.9.1/x86_64-darwin11.4.0
  37. /Users/Armageddon/.rvm/rubies/ruby-1.9.3-p194/lib/ruby/site_ruby
  38. /Users/Armageddon/.rvm/rubies/ruby-1.9.3-p194/lib/ruby/vendor_ruby/1.9.1
  39. /Users/Armageddon/.rvm/rubies/ruby-1.9.3-p194/lib/ruby/vendor_ruby/1.9.1/x86_64-darwin11.4.0
  40. /Users/Armageddon/.rvm/rubies/ruby-1.9.3-p194/lib/ruby/vendor_ruby
  41. /Users/Armageddon/.rvm/rubies/ruby-1.9.3-p194/lib/ruby/1.9.1
  42. /Users/Armageddon/.rvm/rubies/ruby-1.9.3-p194/lib/ruby/1.9.1/x86_64-darwin11.4.0
